<?xml version="1.0" ?>
<coverage version="7.11.3" timestamp="1763063687723" lines-valid="11" lines-covered="1" line-rate="0.09091" branches-valid="6" branches-covered="0" branch-rate="0" complexity="0">
	<!-- Generated by coverage.py: https://coverage.readthedocs.io/en/7.11.3 -->
	<!-- Based on https://raw.githubusercontent.com/cobertura/web/master/htdocs/xml/coverage-04.dtd -->
	<sources>
		<source>C:\Users\Alexander_Bennett\OneDrive - UMass Lowell\Desktop\llm-eval</source>
	</sources>
	<packages>
		<package name="openai_solutions" line-rate="0.09091" branch-rate="0" complexity="0">
			<classes>
				<class name="humaneval_107_openai_attempt_001_base.py" filename="openai_solutions/humaneval_107_openai_attempt_001_base.py" complexity="0" line-rate="0.09091" branch-rate="0">
					<methods/>
					<lines>
						<line number="1" hits="1"/>
						<line number="2" hits="0"/>
						<line number="3" hits="0"/>
						<line number="5" hits="0"/>
						<line number="6" hits="0"/>
						<line number="8" hits="0" branch="true" condition-coverage="0% (0/2)" missing-branches="9,15"/>
						<line number="9" hits="0" branch="true" condition-coverage="0% (0/2)" missing-branches="8,10"/>
						<line number="10" hits="0" branch="true" condition-coverage="0% (0/2)" missing-branches="11,13"/>
						<line number="11" hits="0"/>
						<line number="13" hits="0"/>
						<line number="15" hits="0"/>
					</lines>
				</class>
			</classes>
		</package>
	</packages>
</coverage>
