<?xml version="1.0" ?>
<coverage version="7.11.3" timestamp="1762997651920" lines-valid="106" lines-covered="43" line-rate="0.4057" branches-valid="42" branches-covered="8" branch-rate="0.1905" complexity="0">
	<!-- Generated by coverage.py: https://coverage.readthedocs.io/en/7.11.3 -->
	<!-- Based on https://raw.githubusercontent.com/cobertura/web/master/htdocs/xml/coverage-04.dtd -->
	<sources>
		<source>C:\Users\Alexander_Bennett\OneDrive - UMass Lowell\Desktop\llm-eval\generated_solutions</source>
		<source>C:\Users\Alexander_Bennett\OneDrive - UMass Lowell\Desktop\llm-eval\solutions_correct</source>
	</sources>
	<packages>
		<package name="." line-rate="1" branch-rate="1" complexity="0">
			<classes>
				<class name="_init_.py" filename="_init_.py" complexity="0" line-rate="1" branch-rate="1">
					<methods/>
					<lines/>
				</class>
			</classes>
		</package>
		<package name="openai" line-rate="0.4057" branch-rate="0.1905" complexity="0">
			<classes>
				<class name="humaneval_0_openai_attempt_001_base.py" filename="openai/humaneval_0_openai_attempt_001_base.py" complexity="0" line-rate="0.2857" branch-rate="0">
					<methods/>
					<lines>
						<line number="1" hits="1"/>
						<line number="3" hits="1"/>
						<line number="4" hits="0"/>
						<line number="5" hits="0" branch="true" condition-coverage="0% (0/2)" missing-branches="6,8"/>
						<line number="6" hits="0" branch="true" condition-coverage="0% (0/2)" missing-branches="5,7"/>
						<line number="7" hits="0"/>
						<line number="8" hits="0"/>
					</lines>
				</class>
				<class name="humaneval_1_openai_attempt_001_base.py" filename="openai/humaneval_1_openai_attempt_001_base.py" complexity="0" line-rate="0.92" branch-rate="0.8">
					<methods/>
					<lines>
						<line number="1" hits="1"/>
						<line number="3" hits="1"/>
						<line number="4" hits="1"/>
						<line number="5" hits="1"/>
						<line number="6" hits="1"/>
						<line number="7" hits="1"/>
						<line number="9" hits="1" branch="true" condition-coverage="100% (2/2)"/>
						<line number="10" hits="1" branch="true" condition-coverage="100% (2/2)"/>
						<line number="11" hits="1" branch="true" condition-coverage="50% (1/2)" missing-branches="12"/>
						<line number="12" hits="0"/>
						<line number="13" hits="0"/>
						<line number="14" hits="1"/>
						<line number="15" hits="1"/>
						<line number="16" hits="1" branch="true" condition-coverage="50% (1/2)" missing-branches="9"/>
						<line number="17" hits="1"/>
						<line number="18" hits="1"/>
						<line number="19" hits="1" branch="true" condition-coverage="100% (2/2)"/>
						<line number="20" hits="1"/>
						<line number="21" hits="1"/>
						<line number="23" hits="1"/>
						<line number="26" hits="1"/>
						<line number="27" hits="1"/>
						<line number="28" hits="1"/>
						<line number="29" hits="1"/>
						<line number="30" hits="1"/>
					</lines>
				</class>
				<class name="humaneval_10_openai_attempt_001_base.py" filename="openai/humaneval_10_openai_attempt_001_base.py" complexity="0" line-rate="0.2222" branch-rate="0">
					<methods/>
					<lines>
						<line number="1" hits="1"/>
						<line number="2" hits="0"/>
						<line number="4" hits="1"/>
						<line number="5" hits="0" branch="true" condition-coverage="0% (0/2)" missing-branches="6,7"/>
						<line number="6" hits="0"/>
						<line number="7" hits="0" branch="true" condition-coverage="0% (0/2)" missing-branches="8,10"/>
						<line number="8" hits="0" branch="true" condition-coverage="0% (0/2)" missing-branches="7,9"/>
						<line number="9" hits="0"/>
						<line number="10" hits="0"/>
					</lines>
				</class>
				<class name="humaneval_101_openai_attempt_001_base.py" filename="openai/humaneval_101_openai_attempt_001_base.py" complexity="0" line-rate="1" branch-rate="1">
					<methods/>
					<lines>
						<line number="1" hits="1"/>
						<line number="2" hits="1"/>
						<line number="5" hits="1"/>
						<line number="6" hits="1"/>
						<line number="7" hits="1"/>
						<line number="8" hits="1"/>
						<line number="9" hits="1"/>
					</lines>
				</class>
				<class name="humaneval_102_openai_attempt_001_base.py" filename="openai/humaneval_102_openai_attempt_001_base.py" complexity="0" line-rate="0.1429" branch-rate="0">
					<methods/>
					<lines>
						<line number="1" hits="1"/>
						<line number="2" hits="0" branch="true" condition-coverage="0% (0/2)" missing-branches="3,4"/>
						<line number="3" hits="0"/>
						<line number="4" hits="0" branch="true" condition-coverage="0% (0/2)" missing-branches="5,7"/>
						<line number="5" hits="0" branch="true" condition-coverage="0% (0/2)" missing-branches="4,6"/>
						<line number="6" hits="0"/>
						<line number="7" hits="0"/>
					</lines>
				</class>
				<class name="humaneval_103_openai_attempt_001_base.py" filename="openai/humaneval_103_openai_attempt_001_base.py" complexity="0" line-rate="0.1667" branch-rate="0">
					<methods/>
					<lines>
						<line number="1" hits="1"/>
						<line number="2" hits="0" branch="true" condition-coverage="0% (0/2)" missing-branches="3,4"/>
						<line number="3" hits="0"/>
						<line number="4" hits="0"/>
						<line number="5" hits="0"/>
						<line number="6" hits="0"/>
					</lines>
				</class>
				<class name="humaneval_104_openai_attempt_001_base.py" filename="openai/humaneval_104_openai_attempt_001_base.py" complexity="0" line-rate="0.2" branch-rate="1">
					<methods/>
					<lines>
						<line number="1" hits="1"/>
						<line number="2" hits="0"/>
						<line number="3" hits="0"/>
						<line number="5" hits="0"/>
						<line number="6" hits="0"/>
					</lines>
				</class>
				<class name="humaneval_105_openai_attempt_001_base.py" filename="openai/humaneval_105_openai_attempt_001_base.py" complexity="0" line-rate="0.1429" branch-rate="0">
					<methods/>
					<lines>
						<line number="1" hits="1"/>
						<line number="2" hits="0" branch="true" condition-coverage="0% (0/2)" missing-branches="3,5"/>
						<line number="3" hits="0"/>
						<line number="5" hits="0"/>
						<line number="6" hits="0"/>
						<line number="8" hits="0"/>
						<line number="9" hits="0"/>
					</lines>
				</class>
				<class name="humaneval_106_openai_attempt_001_base.py" filename="openai/humaneval_106_openai_attempt_001_base.py" complexity="0" line-rate="0.1" branch-rate="0">
					<methods/>
					<lines>
						<line number="1" hits="1"/>
						<line number="2" hits="0"/>
						<line number="3" hits="0" branch="true" condition-coverage="0% (0/2)" missing-branches="4,11"/>
						<line number="4" hits="0" branch="true" condition-coverage="0% (0/2)" missing-branches="5,10"/>
						<line number="5" hits="0"/>
						<line number="6" hits="0" branch="true" condition-coverage="0% (0/2)" missing-branches="7,8"/>
						<line number="7" hits="0"/>
						<line number="8" hits="0"/>
						<line number="10" hits="0"/>
						<line number="11" hits="0"/>
					</lines>
				</class>
				<class name="humaneval_107_openai_attempt_001_base.py" filename="openai/humaneval_107_openai_attempt_001_base.py" complexity="0" line-rate="0.09091" branch-rate="0">
					<methods/>
					<lines>
						<line number="1" hits="1"/>
						<line number="2" hits="0"/>
						<line number="3" hits="0"/>
						<line number="5" hits="0"/>
						<line number="6" hits="0"/>
						<line number="8" hits="0" branch="true" condition-coverage="0% (0/2)" missing-branches="9,15"/>
						<line number="9" hits="0" branch="true" condition-coverage="0% (0/2)" missing-branches="8,10"/>
						<line number="10" hits="0" branch="true" condition-coverage="0% (0/2)" missing-branches="11,13"/>
						<line number="11" hits="0"/>
						<line number="13" hits="0"/>
						<line number="15" hits="0"/>
					</lines>
				</class>
				<class name="humaneval_108_openai_attempt_001_base.py" filename="openai/humaneval_108_openai_attempt_001_base.py" complexity="0" line-rate="0.25" branch-rate="1">
					<methods/>
					<lines>
						<line number="1" hits="1"/>
						<line number="2" hits="0"/>
						<line number="3" hits="0"/>
						<line number="5" hits="0"/>
					</lines>
				</class>
				<class name="humaneval_110_openai_attempt_001_base.py" filename="openai/humaneval_110_openai_attempt_001_base.py" complexity="0" line-rate="0.25" branch-rate="1">
					<methods/>
					<lines>
						<line number="1" hits="1"/>
						<line number="2" hits="0"/>
						<line number="3" hits="0"/>
						<line number="4" hits="0"/>
					</lines>
				</class>
			</classes>
		</package>
	</packages>
</coverage>
