{"meta": {"format": 3, "version": "7.11.3", "timestamp": "2025-11-12T22:32:35.647759", "branch_coverage": true, "show_contexts": false}, "files": {"openai_solutions\\humaneval_0_openai_attempt_001_base.py": {"executed_lines": [1, 3], "summary": {"covered_lines": 2, "num_statements": 7, "percent_covered": 18.181818181818183, "percent_covered_display": "18", "missing_lines": 5, "excluded_lines": 0, "num_branches": 4, "num_partial_branches": 0, "covered_branches": 0, "missing_branches": 4}, "missing_lines": [4, 5, 6, 7, 8], "excluded_lines": [], "executed_branches": [], "missing_branches": [[5, 6], [5, 8], [6, 5], [6, 7]], "functions": {"has_close_elements": {"executed_lines": [], "summary": {"covered_lines": 0, "num_statements": 5, "percent_covered": 0.0, "percent_covered_display": "0", "missing_lines": 5, "excluded_lines": 0, "num_branches": 4, "num_partial_branches": 0, "covered_branches": 0, "missing_branches": 4}, "missing_lines": [4, 5, 6, 7, 8], "excluded_lines": [], "executed_branches": [], "missing_branches": [[5, 6], [5, 8], [6, 5], [6, 7]]}, "": {"executed_lines": [1, 3], "summary": {"covered_lines": 2, "num_statements": 2, "percent_covered": 100.0, "percent_covered_display": "100", "missing_lines": 0, "excluded_lines": 0, "num_branches": 0, "num_partial_branches": 0, "covered_branches": 0, "missing_branches": 0}, "missing_lines": [], "excluded_lines": [], "executed_branches": [], "missing_branches": []}}, "classes": {"": {"executed_lines": [1, 3], "summary": {"covered_lines": 2, "num_statements": 7, "percent_covered": 18.181818181818183, "percent_covered_display": "18", "missing_lines": 5, "excluded_lines": 0, "num_branches": 4, "num_partial_branches": 0, "covered_branches": 0, "missing_branches": 4}, "missing_lines": [4, 5, 6, 7, 8], "excluded_lines": [], "executed_branches": [], "missing_branches": [[5, 6], [5, 8], [6, 5], [6, 7]]}}}, "openai_solutions\\humaneval_100_openai_attempt_001_base.py": {"executed_lines": [], "summary": {"covered_lines": 0, "num_statements": 2, "percent_covered": 0.0, "percent_covered_display": "0", "missing_lines": 2, "excluded_lines": 0, "num_branches": 0, "num_partial_branches": 0, "covered_branches": 0, "missing_branches": 0}, "missing_lines": [1, 2], "excluded_lines": [], "executed_branches": [], "missing_branches": [], "functions": {"make_a_pile": {"executed_lines": [], "summary": {"covered_lines": 0, "num_statements": 1, "percent_covered": 0.0, "percent_covered_display": "0", "missing_lines": 1, "excluded_lines": 0, "num_branches": 0, "num_partial_branches": 0, "covered_branches": 0, "missing_branches": 0}, "missing_lines": [2], "excluded_lines": [], "executed_branches": [], "missing_branches": []}, "": {"executed_lines": [], "summary": {"covered_lines": 0, "num_statements": 1, "percent_covered": 0.0, "percent_covered_display": "0", "missing_lines": 1, "excluded_lines": 0, "num_branches": 0, "num_partial_branches": 0, "covered_branches": 0, "missing_branches": 0}, "missing_lines": [1], "excluded_lines": [], "executed_branches": [], "missing_branches": []}}, "classes": {"": {"executed_lines": [], "summary": {"covered_lines": 0, "num_statements": 2, "percent_covered": 0.0, "percent_covered_display": "0", "missing_lines": 2, "excluded_lines": 0, "num_branches": 0, "num_partial_branches": 0, "covered_branches": 0, "missing_branches": 0}, "missing_lines": [1, 2], "excluded_lines": [], "executed_branches": [], "missing_branches": []}}}, "openai_solutions\\humaneval_101_openai_attempt_001_base.py": {"executed_lines": [1, 2, 5, 6, 7, 8, 9], "summary": {"covered_lines": 7, "num_statements": 7, "percent_covered": 100.0, "percent_covered_display": "100", "missing_lines": 0, "excluded_lines": 0, "num_branches": 0, "num_partial_branches": 0, "covered_branches": 0, "missing_branches": 0}, "missing_lines": [], "excluded_lines": [], "executed_branches": [], "missing_branches": [], "functions": {"words_string": {"executed_lines": [2], "summary": {"covered_lines": 1, "num_statements": 1, "percent_covered": 100.0, "percent_covered_display": "100", "missing_lines": 0, "excluded_lines": 0, "num_branches": 0, "num_partial_branches": 0, "covered_branches": 0, "missing_branches": 0}, "missing_lines": [], "excluded_lines": [], "executed_branches": [], "missing_branches": []}, "": {"executed_lines": [1, 5, 6, 7, 8, 9], "summary": {"covered_lines": 6, "num_statements": 6, "percent_covered": 100.0, "percent_covered_display": "100", "missing_lines": 0, "excluded_lines": 0, "num_branches": 0, "num_partial_branches": 0, "covered_branches": 0, "missing_branches": 0}, "missing_lines": [], "excluded_lines": [], "executed_branches": [], "missing_branches": []}}, "classes": {"": {"executed_lines": [1, 2, 5, 6, 7, 8, 9], "summary": {"covered_lines": 7, "num_statements": 7, "percent_covered": 100.0, "percent_covered_display": "100", "missing_lines": 0, "excluded_lines": 0, "num_branches": 0, "num_partial_branches": 0, "covered_branches": 0, "missing_branches": 0}, "missing_lines": [], "excluded_lines": [], "executed_branches": [], "missing_branches": []}}}, "openai_solutions\\humaneval_102_openai_attempt_001_base.py": {"executed_lines": [1], "summary": {"covered_lines": 1, "num_statements": 7, "percent_covered": 7.6923076923076925, "percent_covered_display": "8", "missing_lines": 6, "excluded_lines": 0, "num_branches": 6, "num_partial_branches": 0, "covered_branches": 0, "missing_branches": 6}, "missing_lines": [2, 3, 4, 5, 6, 7], "excluded_lines": [], "executed_branches": [], "missing_branches": [[2, 3], [2, 4], [4, 5], [4, 7], [5, 4], [5, 6]], "functions": {"choose_num": {"executed_lines": [], "summary": {"covered_lines": 0, "num_statements": 6, "percent_covered": 0.0, "percent_covered_display": "0", "missing_lines": 6, "excluded_lines": 0, "num_branches": 6, "num_partial_branches": 0, "covered_branches": 0, "missing_branches": 6}, "missing_lines": [2, 3, 4, 5, 6, 7], "excluded_lines": [], "executed_branches": [], "missing_branches": [[2, 3], [2, 4], [4, 5], [4, 7], [5, 4], [5, 6]]}, "": {"executed_lines": [1], "summary": {"covered_lines": 1, "num_statements": 1, "percent_covered": 100.0, "percent_covered_display": "100", "missing_lines": 0, "excluded_lines": 0, "num_branches": 0, "num_partial_branches": 0, "covered_branches": 0, "missing_branches": 0}, "missing_lines": [], "excluded_lines": [], "executed_branches": [], "missing_branches": []}}, "classes": {"": {"executed_lines": [1], "summary": {"covered_lines": 1, "num_statements": 7, "percent_covered": 7.6923076923076925, "percent_covered_display": "8", "missing_lines": 6, "excluded_lines": 0, "num_branches": 6, "num_partial_branches": 0, "covered_branches": 0, "missing_branches": 6}, "missing_lines": [2, 3, 4, 5, 6, 7], "excluded_lines": [], "executed_branches": [], "missing_branches": [[2, 3], [2, 4], [4, 5], [4, 7], [5, 4], [5, 6]]}}}, "openai_solutions\\humaneval_103_openai_attempt_001_base.py": {"executed_lines": [1], "summary": {"covered_lines": 1, "num_statements": 6, "percent_covered": 12.5, "percent_covered_display": "12", "missing_lines": 5, "excluded_lines": 0, "num_branches": 2, "num_partial_branches": 0, "covered_branches": 0, "missing_branches": 2}, "missing_lines": [2, 3, 4, 5, 6], "excluded_lines": [], "executed_branches": [], "missing_branches": [[2, 3], [2, 4]], "functions": {"rounded_avg": {"executed_lines": [], "summary": {"covered_lines": 0, "num_statements": 5, "percent_covered": 0.0, "percent_covered_display": "0", "missing_lines": 5, "excluded_lines": 0, "num_branches": 2, "num_partial_branches": 0, "covered_branches": 0, "missing_branches": 2}, "missing_lines": [2, 3, 4, 5, 6], "excluded_lines": [], "executed_branches": [], "missing_branches": [[2, 3], [2, 4]]}, "": {"executed_lines": [1], "summary": {"covered_lines": 1, "num_statements": 1, "percent_covered": 100.0, "percent_covered_display": "100", "missing_lines": 0, "excluded_lines": 0, "num_branches": 0, "num_partial_branches": 0, "covered_branches": 0, "missing_branches": 0}, "missing_lines": [], "excluded_lines": [], "executed_branches": [], "missing_branches": []}}, "classes": {"": {"executed_lines": [1], "summary": {"covered_lines": 1, "num_statements": 6, "percent_covered": 12.5, "percent_covered_display": "12", "missing_lines": 5, "excluded_lines": 0, "num_branches": 2, "num_partial_branches": 0, "covered_branches": 0, "missing_branches": 2}, "missing_lines": [2, 3, 4, 5, 6], "excluded_lines": [], "executed_branches": [], "missing_branches": [[2, 3], [2, 4]]}}}, "openai_solutions\\humaneval_104_openai_attempt_001_base.py": {"executed_lines": [1], "summary": {"covered_lines": 1, "num_statements": 5, "percent_covered": 20.0, "percent_covered_display": "20", "missing_lines": 4, "excluded_lines": 0, "num_branches": 0, "num_partial_branches": 0, "covered_branches": 0, "missing_branches": 0}, "missing_lines": [2, 3, 5, 6], "excluded_lines": [], "executed_branches": [], "missing_branches": [], "functions": {"unique_digits": {"executed_lines": [], "summary": {"covered_lines": 0, "num_statements": 3, "percent_covered": 0.0, "percent_covered_display": "0", "missing_lines": 3, "excluded_lines": 0, "num_branches": 0, "num_partial_branches": 0, "covered_branches": 0, "missing_branches": 0}, "missing_lines": [2, 5, 6], "excluded_lines": [], "executed_branches": [], "missing_branches": []}, "unique_digits.has_even_digit": {"executed_lines": [], "summary": {"covered_lines": 0, "num_statements": 1, "percent_covered": 0.0, "percent_covered_display": "0", "missing_lines": 1, "excluded_lines": 0, "num_branches": 0, "num_partial_branches": 0, "covered_branches": 0, "missing_branches": 0}, "missing_lines": [3], "excluded_lines": [], "executed_branches": [], "missing_branches": []}, "": {"executed_lines": [1], "summary": {"covered_lines": 1, "num_statements": 1, "percent_covered": 100.0, "percent_covered_display": "100", "missing_lines": 0, "excluded_lines": 0, "num_branches": 0, "num_partial_branches": 0, "covered_branches": 0, "missing_branches": 0}, "missing_lines": [], "excluded_lines": [], "executed_branches": [], "missing_branches": []}}, "classes": {"": {"executed_lines": [1], "summary": {"covered_lines": 1, "num_statements": 5, "percent_covered": 20.0, "percent_covered_display": "20", "missing_lines": 4, "excluded_lines": 0, "num_branches": 0, "num_partial_branches": 0, "covered_branches": 0, "missing_branches": 0}, "missing_lines": [2, 3, 5, 6], "excluded_lines": [], "executed_branches": [], "missing_branches": []}}}, "openai_solutions\\humaneval_105_openai_attempt_001_base.py": {"executed_lines": [1], "summary": {"covered_lines": 1, "num_statements": 7, "percent_covered": 11.11111111111111, "percent_covered_display": "11", "missing_lines": 6, "excluded_lines": 0, "num_branches": 2, "num_partial_branches": 0, "covered_branches": 0, "missing_branches": 2}, "missing_lines": [2, 3, 5, 6, 8, 9], "excluded_lines": [], "executed_branches": [], "missing_branches": [[2, 3], [2, 5]], "functions": {"by_length": {"executed_lines": [], "summary": {"covered_lines": 0, "num_statements": 6, "percent_covered": 0.0, "percent_covered_display": "0", "missing_lines": 6, "excluded_lines": 0, "num_branches": 2, "num_partial_branches": 0, "covered_branches": 0, "missing_branches": 2}, "missing_lines": [2, 3, 5, 6, 8, 9], "excluded_lines": [], "executed_branches": [], "missing_branches": [[2, 3], [2, 5]]}, "": {"executed_lines": [1], "summary": {"covered_lines": 1, "num_statements": 1, "percent_covered": 100.0, "percent_covered_display": "100", "missing_lines": 0, "excluded_lines": 0, "num_branches": 0, "num_partial_branches": 0, "covered_branches": 0, "missing_branches": 0}, "missing_lines": [], "excluded_lines": [], "executed_branches": [], "missing_branches": []}}, "classes": {"": {"executed_lines": [1], "summary": {"covered_lines": 1, "num_statements": 7, "percent_covered": 11.11111111111111, "percent_covered_display": "11", "missing_lines": 6, "excluded_lines": 0, "num_branches": 2, "num_partial_branches": 0, "covered_branches": 0, "missing_branches": 2}, "missing_lines": [2, 3, 5, 6, 8, 9], "excluded_lines": [], "executed_branches": [], "missing_branches": [[2, 3], [2, 5]]}}}, "openai_solutions\\humaneval_106_openai_attempt_001_base.py": {"executed_lines": [1], "summary": {"covered_lines": 1, "num_statements": 10, "percent_covered": 6.25, "percent_covered_display": "6", "missing_lines": 9, "excluded_lines": 0, "num_branches": 6, "num_partial_branches": 0, "covered_branches": 0, "missing_branches": 6}, "missing_lines": [2, 3, 4, 5, 6, 7, 8, 10, 11], "excluded_lines": [], "executed_branches": [], "missing_branches": [[3, 4], [3, 11], [4, 5], [4, 10], [6, 7], [6, 8]], "functions": {"f": {"executed_lines": [], "summary": {"covered_lines": 0, "num_statements": 9, "percent_covered": 0.0, "percent_covered_display": "0", "missing_lines": 9, "excluded_lines": 0, "num_branches": 6, "num_partial_branches": 0, "covered_branches": 0, "missing_branches": 6}, "missing_lines": [2, 3, 4, 5, 6, 7, 8, 10, 11], "excluded_lines": [], "executed_branches": [], "missing_branches": [[3, 4], [3, 11], [4, 5], [4, 10], [6, 7], [6, 8]]}, "": {"executed_lines": [1], "summary": {"covered_lines": 1, "num_statements": 1, "percent_covered": 100.0, "percent_covered_display": "100", "missing_lines": 0, "excluded_lines": 0, "num_branches": 0, "num_partial_branches": 0, "covered_branches": 0, "missing_branches": 0}, "missing_lines": [], "excluded_lines": [], "executed_branches": [], "missing_branches": []}}, "classes": {"": {"executed_lines": [1], "summary": {"covered_lines": 1, "num_statements": 10, "percent_covered": 6.25, "percent_covered_display": "6", "missing_lines": 9, "excluded_lines": 0, "num_branches": 6, "num_partial_branches": 0, "covered_branches": 0, "missing_branches": 6}, "missing_lines": [2, 3, 4, 5, 6, 7, 8, 10, 11], "excluded_lines": [], "executed_branches": [], "missing_branches": [[3, 4], [3, 11], [4, 5], [4, 10], [6, 7], [6, 8]]}}}, "openai_solutions\\humaneval_107_openai_attempt_001_base.py": {"executed_lines": [1], "summary": {"covered_lines": 1, "num_statements": 11, "percent_covered": 5.882352941176471, "percent_covered_display": "6", "missing_lines": 10, "excluded_lines": 0, "num_branches": 6, "num_partial_branches": 0, "covered_branches": 0, "missing_branches": 6}, "missing_lines": [2, 3, 5, 6, 8, 9, 10, 11, 13, 15], "excluded_lines": [], "executed_branches": [], "missing_branches": [[8, 9], [8, 15], [9, 8], [9, 10], [10, 11], [10, 13]], "functions": {"even_odd_palindrome": {"executed_lines": [], "summary": {"covered_lines": 0, "num_statements": 9, "percent_covered": 0.0, "percent_covered_display": "0", "missing_lines": 9, "excluded_lines": 0, "num_branches": 6, "num_partial_branches": 0, "covered_branches": 0, "missing_branches": 6}, "missing_lines": [2, 5, 6, 8, 9, 10, 11, 13, 15], "excluded_lines": [], "executed_branches": [], "missing_branches": [[8, 9], [8, 15], [9, 8], [9, 10], [10, 11], [10, 13]]}, "even_odd_palindrome.is_palindrome": {"executed_lines": [], "summary": {"covered_lines": 0, "num_statements": 1, "percent_covered": 0.0, "percent_covered_display": "0", "missing_lines": 1, "excluded_lines": 0, "num_branches": 0, "num_partial_branches": 0, "covered_branches": 0, "missing_branches": 0}, "missing_lines": [3], "excluded_lines": [], "executed_branches": [], "missing_branches": []}, "": {"executed_lines": [1], "summary": {"covered_lines": 1, "num_statements": 1, "percent_covered": 100.0, "percent_covered_display": "100", "missing_lines": 0, "excluded_lines": 0, "num_branches": 0, "num_partial_branches": 0, "covered_branches": 0, "missing_branches": 0}, "missing_lines": [], "excluded_lines": [], "executed_branches": [], "missing_branches": []}}, "classes": {"": {"executed_lines": [1], "summary": {"covered_lines": 1, "num_statements": 11, "percent_covered": 5.882352941176471, "percent_covered_display": "6", "missing_lines": 10, "excluded_lines": 0, "num_branches": 6, "num_partial_branches": 0, "covered_branches": 0, "missing_branches": 6}, "missing_lines": [2, 3, 5, 6, 8, 9, 10, 11, 13, 15], "excluded_lines": [], "executed_branches": [], "missing_branches": [[8, 9], [8, 15], [9, 8], [9, 10], [10, 11], [10, 13]]}}}, "openai_solutions\\humaneval_108_openai_attempt_001_base.py": {"executed_lines": [1], "summary": {"covered_lines": 1, "num_statements": 4, "percent_covered": 25.0, "percent_covered_display": "25", "missing_lines": 3, "excluded_lines": 0, "num_branches": 0, "num_partial_branches": 0, "covered_branches": 0, "missing_branches": 0}, "missing_lines": [2, 3, 5], "excluded_lines": [], "executed_branches": [], "missing_branches": [], "functions": {"count_nums": {"executed_lines": [], "summary": {"covered_lines": 0, "num_statements": 2, "percent_covered": 0.0, "percent_covered_display": "0", "missing_lines": 2, "excluded_lines": 0, "num_branches": 0, "num_partial_branches": 0, "covered_branches": 0, "missing_branches": 0}, "missing_lines": [2, 5], "excluded_lines": [], "executed_branches": [], "missing_branches": []}, "count_nums.digit_sum": {"executed_lines": [], "summary": {"covered_lines": 0, "num_statements": 1, "percent_covered": 0.0, "percent_covered_display": "0", "missing_lines": 1, "excluded_lines": 0, "num_branches": 0, "num_partial_branches": 0, "covered_branches": 0, "missing_branches": 0}, "missing_lines": [3], "excluded_lines": [], "executed_branches": [], "missing_branches": []}, "": {"executed_lines": [1], "summary": {"covered_lines": 1, "num_statements": 1, "percent_covered": 100.0, "percent_covered_display": "100", "missing_lines": 0, "excluded_lines": 0, "num_branches": 0, "num_partial_branches": 0, "covered_branches": 0, "missing_branches": 0}, "missing_lines": [], "excluded_lines": [], "executed_branches": [], "missing_branches": []}}, "classes": {"": {"executed_lines": [1], "summary": {"covered_lines": 1, "num_statements": 4, "percent_covered": 25.0, "percent_covered_display": "25", "missing_lines": 3, "excluded_lines": 0, "num_branches": 0, "num_partial_branches": 0, "covered_branches": 0, "missing_branches": 0}, "missing_lines": [2, 3, 5], "excluded_lines": [], "executed_branches": [], "missing_branches": []}}}, "openai_solutions\\humaneval_110_openai_attempt_001_base.py": {"executed_lines": [1], "summary": {"covered_lines": 1, "num_statements": 4, "percent_covered": 25.0, "percent_covered_display": "25", "missing_lines": 3, "excluded_lines": 0, "num_branches": 0, "num_partial_branches": 0, "covered_branches": 0, "missing_branches": 0}, "missing_lines": [2, 3, 4], "excluded_lines": [], "executed_branches": [], "missing_branches": [], "functions": {"exchange": {"executed_lines": [], "summary": {"covered_lines": 0, "num_statements": 3, "percent_covered": 0.0, "percent_covered_display": "0", "missing_lines": 3, "excluded_lines": 0, "num_branches": 0, "num_partial_branches": 0, "covered_branches": 0, "missing_branches": 0}, "missing_lines": [2, 3, 4], "excluded_lines": [], "executed_branches": [], "missing_branches": []}, "": {"executed_lines": [1], "summary": {"covered_lines": 1, "num_statements": 1, "percent_covered": 100.0, "percent_covered_display": "100", "missing_lines": 0, "excluded_lines": 0, "num_branches": 0, "num_partial_branches": 0, "covered_branches": 0, "missing_branches": 0}, "missing_lines": [], "excluded_lines": [], "executed_branches": [], "missing_branches": []}}, "classes": {"": {"executed_lines": [1], "summary": {"covered_lines": 1, "num_statements": 4, "percent_covered": 25.0, "percent_covered_display": "25", "missing_lines": 3, "excluded_lines": 0, "num_branches": 0, "num_partial_branches": 0, "covered_branches": 0, "missing_branches": 0}, "missing_lines": [2, 3, 4], "excluded_lines": [], "executed_branches": [], "missing_branches": []}}}, "openai_solutions\\humaneval_1_openai_attempt_001_base.py": {"executed_lines": [1, 3, 4, 5, 6, 7, 9, 10, 11, 14, 15, 16, 17, 18, 19, 20, 21, 23, 26, 27, 28, 29, 30], "summary": {"covered_lines": 23, "num_statements": 25, "percent_covered": 88.57142857142857, "percent_covered_display": "89", "missing_lines": 2, "excluded_lines": 0, "num_branches": 10, "num_partial_branches": 2, "covered_branches": 8, "missing_branches": 2}, "missing_lines": [12, 13], "excluded_lines": [], "executed_branches": [[9, 10], [9, 23], [10, 11], [10, 16], [11, 14], [16, 17], [19, 9], [19, 20]], "missing_branches": [[11, 12], [16, 9]], "functions": {"separate_paren_groups": {"executed_lines": [4, 5, 6, 7, 9, 10, 11, 14, 15, 16, 17, 18, 19, 20, 21, 23], "summary": {"covered_lines": 16, "num_statements": 18, "percent_covered": 85.71428571428571, "percent_covered_display": "86", "missing_lines": 2, "excluded_lines": 0, "num_branches": 10, "num_partial_branches": 2, "covered_branches": 8, "missing_branches": 2}, "missing_lines": [12, 13], "excluded_lines": [], "executed_branches": [[9, 10], [9, 23], [10, 11], [10, 16], [11, 14], [16, 17], [19, 9], [19, 20]], "missing_branches": [[11, 12], [16, 9]]}, "": {"executed_lines": [1, 3, 26, 27, 28, 29, 30], "summary": {"covered_lines": 7, "num_statements": 7, "percent_covered": 100.0, "percent_covered_display": "100", "missing_lines": 0, "excluded_lines": 0, "num_branches": 0, "num_partial_branches": 0, "covered_branches": 0, "missing_branches": 0}, "missing_lines": [], "excluded_lines": [], "executed_branches": [], "missing_branches": []}}, "classes": {"": {"executed_lines": [1, 3, 4, 5, 6, 7, 9, 10, 11, 14, 15, 16, 17, 18, 19, 20, 21, 23, 26, 27, 28, 29, 30], "summary": {"covered_lines": 23, "num_statements": 25, "percent_covered": 88.57142857142857, "percent_covered_display": "89", "missing_lines": 2, "excluded_lines": 0, "num_branches": 10, "num_partial_branches": 2, "covered_branches": 8, "missing_branches": 2}, "missing_lines": [12, 13], "excluded_lines": [], "executed_branches": [[9, 10], [9, 23], [10, 11], [10, 16], [11, 14], [16, 17], [19, 9], [19, 20]], "missing_branches": [[11, 12], [16, 9]]}}}}, "totals": {"covered_lines": 40, "num_statements": 95, "percent_covered": 36.6412213740458, "percent_covered_display": "37", "missing_lines": 55, "excluded_lines": 0, "num_branches": 36, "num_partial_branches": 2, "covered_branches": 8, "missing_branches": 28}}