<?xml version="1.0" encoding="utf-8"?><testsuites name="pytest tests"><testsuite name="pytest" errors="0" failures="0" skipped="0" tests="13" time="1.019" timestamp="2025-11-12T20:34:11.296163-05:00" hostname="UMASS-G8WSW34"><testcase classname="test_humaneval_baseline" name="test_humaneval_base[humaneval_0_openai_attempt_001_base.py]" time="0.017" /><testcase classname="test_humaneval_baseline" name="test_humaneval_base[humaneval_1_openai_attempt_001_base.py]" time="0.027" /><testcase classname="test_humaneval_baseline" name="test_humaneval_base[humaneval_10_openai_attempt_001_base.py]" time="0.025" /><testcase classname="test_humaneval_baseline" name="test_humaneval_base[humaneval_101_openai_attempt_001_base.py]" time="0.027" /><testcase classname="test_humaneval_baseline" name="test_humaneval_base[humaneval_102_openai_attempt_001_base.py]" time="0.029" /><testcase classname="test_humaneval_baseline" name="test_humaneval_base[humaneval_103_openai_attempt_001_base.py]" time="0.029" /><testcase classname="test_humaneval_baseline" name="test_humaneval_base[humaneval_104_openai_attempt_001_base.py]" time="0.032" /><testcase classname="test_humaneval_baseline" name="test_humaneval_base[humaneval_105_openai_attempt_001_base.py]" time="0.030" /><testcase classname="test_humaneval_baseline" name="test_humaneval_base[humaneval_106_openai_attempt_001_base.py]" time="0.028" /><testcase classname="test_humaneval_baseline" name="test_humaneval_base[humaneval_107_openai_attempt_001_base.py]" time="0.028" /><testcase classname="test_humaneval_baseline" name="test_humaneval_base[humaneval_108_openai_attempt_001_base.py]" time="0.029" /><testcase classname="test_humaneval_baseline" name="test_humaneval_base[humaneval_110_openai_attempt_001_base.py0]" time="0.028" /><testcase classname="test_humaneval_baseline" name="test_humaneval_base[humaneval_110_openai_attempt_001_base.py1]" time="0.030" /></testsuite></testsuites>