<?xml version="1.0" ?>
<coverage version="7.11.3" timestamp="1763062951496" lines-valid="7" lines-covered="6" line-rate="0.8571" branches-valid="6" branches-covered="5" branch-rate="0.8333" complexity="0">
	<!-- Generated by coverage.py: https://coverage.readthedocs.io/en/7.11.3 -->
	<!-- Based on https://raw.githubusercontent.com/cobertura/web/master/htdocs/xml/coverage-04.dtd -->
	<sources>
		<source>C:\Users\Alexander_Bennett\OneDrive - UMass Lowell\Desktop\llm-eval</source>
	</sources>
	<packages>
		<package name="openai_solutions" line-rate="0.8571" branch-rate="0.8333" complexity="0">
			<classes>
				<class name="humaneval_102_openai_attempt_001_base.py" filename="openai_solutions/humaneval_102_openai_attempt_001_base.py" complexity="0" line-rate="0.8571" branch-rate="0.8333">
					<methods/>
					<lines>
						<line number="1" hits="1"/>
						<line number="2" hits="1" branch="true" condition-coverage="100% (2/2)"/>
						<line number="3" hits="1"/>
						<line number="4" hits="1" branch="true" condition-coverage="50% (1/2)" missing-branches="7"/>
						<line number="5" hits="1" branch="true" condition-coverage="100% (2/2)"/>
						<line number="6" hits="1"/>
						<line number="7" hits="0"/>
					</lines>
				</class>
			</classes>
		</package>
	</packages>
</coverage>
