FFF                                                                      [100%]
================================== FAILURES ===================================
_______________________________ test_choose_num _______________________________

    def test_choose_num():
        # Test case where x is even and y is odd, with a gap in between
        assert choose_num(2, 5) == 4
    
        # Test case where x is odd and y is even, with a gap in between
        assert choose_num(3, 6) == 6
    
        # Test case where x and y are both even but y is less than x
        assert choose_num(12, 10) == -1
    
        # Test case where x is odd and y is odd, with no even numbers in range
>       assert choose_num(17, 19) == -1
E       assert 18 == -1
E        +  where 18 = choose_num(17, 19)

tests\problem_102\test_humaneval_102_llm_iter_01.py:28: AssertionError
_______________________________ test_choose_num _______________________________

    def test_choose_num():
        # Test case where x is less than y and both are even
        assert choose_num(4, 10) == 10  # Testing range with multiple evens
    
        # Test case where x is less than y and both are odd
        assert choose_num(5, 11) == 10  # Testing range with multiple evens
    
        # Test case where x is equal to y and both are odd
        assert choose_num(7, 7) == -1  # Testing boundary with no valid even number
    
        # Test case where x is equal to y and both are even
        assert choose_num(8, 8) == 8  # Testing boundary with valid even number
    
        # Test case where x is negative and y is positive, testing behavior
        assert choose_num(-5, 5) == 4  # Testing range with negative lower bound
    
        # Test case where x is positive and y is negative, testing behavior
        assert choose_num(5, -5) == -1  # Testing range with positive lower bound
    
        # Test case where x is 0 and y is a positive odd number
        assert choose_num(0, 3) == 2  # Testing boundary with zero as lower bound
    
        # Test case where x is a positive odd number and y is a positive odd number
        assert choose_num(9, 15) == 14  # Testing range with odd bounds
    
        # Test case where x is a large even number and y is a large odd number
        assert choose_num(1000000000, 1000000001) == 1000000000  # Testing large range
    
        # Test case where x is a large odd number and y is a large even number
        assert choose_num(999999999, 1000000000) == 1000000000  # Testing large range
    
        # Test case where x is even and y is odd, with x being the smallest even number
        assert choose_num(2, 4) == 4  # Testing small range with valid even number
    
        # Test case where x is odd and y is even, with x being the smallest odd number
        assert choose_num(1, 3) == 2  # Testing small range with valid even number
    
        # Test case where x is even and y is odd, with no even numbers in range
>       assert choose_num(3, 5) == -1  # Testing range with no valid even number
        ^^^^^^^^^^^^^^^^^^^^^^^^^^^^^
E       assert 4 == -1
E        +  where 4 = choose_num(3, 5)

tests\problem_102\test_humaneval_102_llm_iter_02.py:47: AssertionError
_______________________________ test_choose_num _______________________________

    def test_choose_num():
        # Test case where x is even and y is odd, with a gap in between
        assert choose_num(2, 5) == 4
    
        # Test case where x is odd and y is even, with a gap in between
        assert choose_num(3, 6) == 6
    
        # Test case where x and y are both even but y is less than x
        assert choose_num(12, 10) == -1
    
        # Test case where x is odd and y is odd, with no even numbers in range
>       assert choose_num(17, 19) == -1
E       assert 18 == -1
E        +  where 18 = choose_num(17, 19)

tests\problem_102\test_humaneval_102_llm_iter_03.py:28: AssertionError
=========================== short test summary info ===========================
FAILED tests/problem_102/test_humaneval_102_llm_iter_01.py::test_choose_num
FAILED tests/problem_102/test_humaneval_102_llm_iter_02.py::test_choose_num
FAILED tests/problem_102/test_humaneval_102_llm_iter_03.py::test_choose_num
3 failed in 0.16s

Wrote XML report to C:\Users\Alexander_Bennett\OneDrive - UMass Lowell\Desktop\llm-eval\tests\problem_102\coverage_iter_02.xml
